"C:\Program Files\JetBrains\CLion 2025.2.2\bin\cmake\win\x64\bin\cmake.exe" -DCMAKE_BUILD_TYPE=Debug -G "MinGW Makefiles" -S C:\Users\Student\Downloads\hotel_manager2-main\hotel_manager2-main -B C:\Users\Student\Downloads\hotel_manager2-main\hotel_manager2-main\cmake-build-debug
-- The C compiler identification is GNU 13.1.0
-- The CXX compiler identification is GNU 13.1.0
-- Detecting C compiler ABI info
CMake Error: Generator: build tool execution failed, command was: C:/Program Files/JetBrains/CLion 2025.2.2/bin/cmake/win/x64/bin/cmake.exe -E env VERBOSE=1 C:/PROGRA~1/JETBRA~1/CLION2~1.2/bin/mingw/bin/mingw32-make.exe -f Makefile cmTC_c486c/fast
-- Detecting C compiler ABI info - failed
-- Check for working C compiler: C:/Program Files/JetBrains/CLion 2025.2.2/bin/mingw/bin/gcc.exe
-- Check for working C compiler: C:/Program Files/JetBrains/CLion 2025.2.2/bin/mingw/bin/gcc.exe - broken
CMake Error at C:/Program Files/JetBrains/CLion 2025.2.2/bin/cmake/win/x64/share/cmake-4.0/Modules/CMakeTestCCompiler.cmake:67 (message):
  The C compiler

    "C:/Program Files/JetBrains/CLion 2025.2.2/bin/mingw/bin/gcc.exe"

  is not able to compile a simple test program.

  It fails with the following output:

    Change Dir: 'C:/Users/Student/Downloads/hotel_manager2-main/hotel_manager2-main/cmake-build-debug/CMakeFiles/CMakeScratch/TryCompile-j86qs1'
    
    Run Build Command(s): "C:/Program Files/JetBrains/CLion 2025.2.2/bin/cmake/win/x64/bin/cmake.exe" -E env VERBOSE=1 C:/PROGRA~1/JETBRA~1/CLION2~1.2/bin/mingw/bin/mingw32-make.exe -f Makefile cmTC_e4637/fast
    C:/PROGRA~1/JETBRA~1/CLION2~1.2/bin/mingw/bin/mingw32-make.exe  -f CMakeFiles\cmTC_e4637.dir\build.make CMakeFiles/cmTC_e4637.dir/build
    mingw32-make[1]: Entering directory 'C:/Users/Student/Downloads/hotel_manager2-main/hotel_manager2-main/cmake-build-debug/CMakeFiles/CMakeScratch/TryCompile-j86qs1'
    Building C object CMakeFiles/cmTC_e4637.dir/testCCompiler.c.obj
    C:\PROGRA~1\JETBRA~1\CLION2~1.2\bin\mingw\bin\gcc.exe   -fdiagnostics-color=always -o CMakeFiles\cmTC_e4637.dir\testCCompiler.c.obj -c C:\Users\Student\Downloads\hotel_manager2-main\hotel_manager2-main\cmake-build-debug\CMakeFiles\CMakeScratch\TryCompile-j86qs1\testCCompiler.c
    mingw32-make[1]: *** [CMakeFiles\cmTC_e4637.dir\build.make:80: CMakeFiles/cmTC_e4637.dir/testCCompiler.c.obj] Error -1073741819
    mingw32-make[1]: Leaving directory 'C:/Users/Student/Downloads/hotel_manager2-main/hotel_manager2-main/cmake-build-debug/CMakeFiles/CMakeScratch/TryCompile-j86qs1'
    mingw32-make: *** [Makefile:133: cmTC_e4637/fast] Error 2
    
    



  CMake will not be able to correctly generate this project.
Call Stack (most recent call first):
  CMakeLists.txt:2 (project)


-- Configuring incomplete, errors occurred!
